<?xml version="1.0" encoding="UTF-8"?>
<!-- Generated by org.testng.reporters.JUnitXMLReporter -->
<testsuite hostname="HMECL002775" ignored="0" name="Controller" tests="1" failures="1" timestamp="2021-02-14T15:20:19 IST" time="14.196" errors="0">
  <testcase name="CheckBoxesTwoCheckboxesTest" time="11.059" classname="com.frameworkpractise.Controller.Controller">
    <failure type="java.lang.NullPointerException">
      <![CDATA[java.lang.NullPointerException
at com.frameworkpractise.checkbox.Checkboxes.cbox(Checkboxes.java:24)
at com.frameworkpractise.Controller.Controller.CheckBoxesTwoCheckboxesTest(Controller.java:55)
at java.util.ArrayList.forEach(Unknown Source)
... Removed 27 stack frames]]>
    </failure>
  </testcase> <!-- CheckBoxesTwoCheckboxesTest -->
</testsuite> <!-- Controller -->
