<?xml version="1.0" encoding="UTF-8"?>
<!-- Generated by org.testng.reporters.JUnitXMLReporter -->
<testsuite hostname="HMECL002775" ignored="1" name="LoginTest2" tests="1" failures="0" timestamp="2021-02-13T13:18:20 IST" time="7.498" errors="0">
  <testcase name="LoginTest" time="5.174" classname="com.frameworkpractise.pages.LoginPage"/>
  <testcase name="LoginRegTest" time="0.0" classname="com.frameworkpractise.pages.LoginPage">
    <ignored/>
  </testcase> <!-- LoginRegTest -->
</testsuite> <!-- LoginTest2 -->
