<?xml version="1.0" encoding="UTF-8"?>
<testng-results skipped="0" failed="0" ignored="0" total="1" passed="1">
  <reporter-output>
  </reporter-output>
  <suite name="LoginPageSuite" duration-ms="22206" started-at="2021-02-17T20:28:24 IST" finished-at="2021-02-17T20:28:46 IST">
    <groups>
      <group name="SmokeTest">
        <method signature="Controller.OpenPageTest(java.lang.String, java.lang.String, java.lang.String)[pri:0, instance:com.frameworkpractise.Controller.Controller@5b87ed94]" name="OpenPageTest" class="com.frameworkpractise.Controller.Controller"/>
      </group> <!-- SmokeTest -->
    </groups>
    <test name="Controller" duration-ms="22206" started-at="2021-02-17T20:28:24 IST" finished-at="2021-02-17T20:28:46 IST">
      <class name="com.frameworkpractise.Controller.Controller">
        <test-method status="PASS" signature="setUP(java.lang.String)[pri:0, instance:com.frameworkpractise.Controller.Controller@5b87ed94]" name="setUP" is-config="true" duration-ms="2932" started-at="2021-02-17T20:28:24 IST" finished-at="2021-02-17T20:28:27 IST">
          <params>
            <param index="0">
              <value>
                <![CDATA[Chrome]]>
              </value>
            </param>
          </params>
          <reporter-output>
          </reporter-output>
        </test-method> <!-- setUP -->
        <test-method status="PASS" signature="OpenPageTest(java.lang.String, java.lang.String, java.lang.String)[pri:0, instance:com.frameworkpractise.Controller.Controller@5b87ed94]" name="OpenPageTest" duration-ms="18473" started-at="2021-02-17T20:28:27 IST" finished-at="2021-02-17T20:28:45 IST">
          <params>
            <param index="0">
              <value>
                <![CDATA[https://the-internet.herokuapp.com/]]>
              </value>
            </param>
            <param index="1">
              <value>
                <![CDATA[tomsmith]]>
              </value>
            </param>
            <param index="2">
              <value>
                <![CDATA[SuperSecretPassword!]]>
              </value>
            </param>
          </params>
          <reporter-output>
          </reporter-output>
        </test-method> <!-- OpenPageTest -->
        <test-method status="PASS" signature="tearDown()[pri:0, instance:com.frameworkpractise.Controller.Controller@5b87ed94]" name="tearDown" is-config="true" duration-ms="760" started-at="2021-02-17T20:28:45 IST" finished-at="2021-02-17T20:28:46 IST">
          <reporter-output>
          </reporter-output>
        </test-method> <!-- tearDown -->
      </class> <!-- com.frameworkpractise.Controller.Controller -->
    </test> <!-- Controller -->
  </suite> <!-- LoginPageSuite -->
</testng-results>
