<?xml version="1.0" encoding="UTF-8"?>
<testng-results skipped="0" failed="1" ignored="0" total="1" passed="0">
  <reporter-output>
  </reporter-output>
  <suite name="LoginPageSuite" duration-ms="14196" started-at="2021-02-14T15:20:05 IST" finished-at="2021-02-14T15:20:19 IST">
    <groups>
      <group name="SmokeTest">
        <method signature="Controller.CheckBoxesTwoCheckboxesTest(java.lang.String, java.lang.String, java.lang.String)[pri:0, instance:com.frameworkpractise.Controller.Controller@5b87ed94]" name="CheckBoxesTwoCheckboxesTest" class="com.frameworkpractise.Controller.Controller"/>
      </group> <!-- SmokeTest -->
    </groups>
    <test name="Controller" duration-ms="14196" started-at="2021-02-14T15:20:05 IST" finished-at="2021-02-14T15:20:19 IST">
      <class name="com.frameworkpractise.Controller.Controller">
        <test-method status="PASS" signature="setUP(java.lang.String)[pri:0, instance:com.frameworkpractise.Controller.Controller@5b87ed94]" name="setUP" is-config="true" duration-ms="2413" started-at="2021-02-14T15:20:05 IST" finished-at="2021-02-14T15:20:07 IST">
          <params>
            <param index="0">
              <value>
                <![CDATA[Chrome]]>
              </value>
            </param>
          </params>
          <reporter-output>
          </reporter-output>
        </test-method> <!-- setUP -->
        <test-method status="FAIL" signature="CheckBoxesTwoCheckboxesTest(java.lang.String, java.lang.String, java.lang.String)[pri:0, instance:com.frameworkpractise.Controller.Controller@5b87ed94]" name="CheckBoxesTwoCheckboxesTest" duration-ms="11059" started-at="2021-02-14T15:20:07 IST" finished-at="2021-02-14T15:20:18 IST">
          <params>
            <param index="0">
              <value>
                <![CDATA[https://the-internet.herokuapp.com/]]>
              </value>
            </param>
            <param index="1">
              <value>
                <![CDATA[tomsmith]]>
              </value>
            </param>
            <param index="2">
              <value>
                <![CDATA[SuperSecretPassword!]]>
              </value>
            </param>
          </params>
          <exception class="java.lang.NullPointerException">
            <full-stacktrace>
              <![CDATA[java.lang.NullPointerException
at com.frameworkpractise.checkbox.Checkboxes.cbox(Checkboxes.java:24)
at com.frameworkpractise.Controller.Controller.CheckBoxesTwoCheckboxesTest(Controller.java:55)
at sun.reflect.NativeMethodAccessorImpl.invoke0(Native Method)
at sun.reflect.NativeMethodAccessorImpl.invoke(Unknown Source)
at sun.reflect.DelegatingMethodAccessorImpl.invoke(Unknown Source)
at java.lang.reflect.Method.invoke(Unknown Source)
at org.testng.internal.MethodInvocationHelper.invokeMethod(MethodInvocationHelper.java:133)
at org.testng.internal.TestInvoker.invokeMethod(TestInvoker.java:584)
at org.testng.internal.TestInvoker.invokeTestMethod(TestInvoker.java:172)
at org.testng.internal.MethodRunner.runInSequence(MethodRunner.java:46)
at org.testng.internal.TestInvoker$MethodInvocationAgent.invoke(TestInvoker.java:804)
at org.testng.internal.TestInvoker.invokeTestMethods(TestInvoker.java:145)
at org.testng.internal.TestMethodWorker.invokeTestMethods(TestMethodWorker.java:146)
at org.testng.internal.TestMethodWorker.run(TestMethodWorker.java:128)
at java.util.ArrayList.forEach(Unknown Source)
at org.testng.TestRunner.privateRun(TestRunner.java:770)
at org.testng.TestRunner.run(TestRunner.java:591)
at org.testng.SuiteRunner.runTest(SuiteRunner.java:402)
at org.testng.SuiteRunner.runSequentially(SuiteRunner.java:396)
at org.testng.SuiteRunner.privateRun(SuiteRunner.java:355)
at org.testng.SuiteRunner.run(SuiteRunner.java:304)
at org.testng.SuiteRunnerWorker.runSuite(SuiteRunnerWorker.java:53)
at org.testng.SuiteRunnerWorker.run(SuiteRunnerWorker.java:96)
at org.testng.TestNG.runSuitesSequentially(TestNG.java:1180)
at org.testng.TestNG.runSuitesLocally(TestNG.java:1102)
at org.testng.TestNG.runSuites(TestNG.java:1032)
at org.testng.TestNG.run(TestNG.java:1000)
at org.testng.remote.AbstractRemoteTestNG.run(AbstractRemoteTestNG.java:115)
at org.testng.remote.RemoteTestNG.initAndRun(RemoteTestNG.java:251)
at org.testng.remote.RemoteTestNG.main(RemoteTestNG.java:77)
]]>
            </full-stacktrace>
          </exception> <!-- java.lang.NullPointerException -->
          <reporter-output>
          </reporter-output>
        </test-method> <!-- CheckBoxesTwoCheckboxesTest -->
        <test-method status="PASS" signature="tearDown()[pri:0, instance:com.frameworkpractise.Controller.Controller@5b87ed94]" name="tearDown" is-config="true" duration-ms="683" started-at="2021-02-14T15:20:18 IST" finished-at="2021-02-14T15:20:19 IST">
          <reporter-output>
          </reporter-output>
        </test-method> <!-- tearDown -->
      </class> <!-- com.frameworkpractise.Controller.Controller -->
    </test> <!-- Controller -->
  </suite> <!-- LoginPageSuite -->
</testng-results>
